<?xml version="1.0" encoding="UTF-8"?>
<testsuite xmlns:xsi="http://www.w3.org/2001/XMLSchema-instance" xsi:noNamespaceSchemaLocation="https://maven.apache.org/surefire/maven-surefire-plugin/xsd/surefire-test-report.xsd" version="3.0.2" name="com.rj.analyzer.ErrorCauseAIAnalyzerApplicationTests" time="4.387" tests="1" errors="0" skipped="0" failures="0">
  <properties>
[...]
</properties>
  <testcase name="contextLoads" classname="com.rj.analyzer.ErrorCauseAIAnalyzerApplicationTests" time="0.766">
    <system-out><![CDATA[22:05:05.529 [main] INFO org.springframework.test.context.support.AnnotationConfigContextLoaderUtils -- Could not detect default configuration classes for test class [com.rj.analyzer.ErrorCauseAIAnalyzerApplicationTests]: ErrorCauseAIAnalyzerApplicationTests does not declare any static, non-private, non-final, nested classes annotated with @Configuration.
22:05:05.670 [main] INFO org.springframework.boot.test.context.SpringBootTestContextBootstrapper -- Found @SpringBootConfiguration com.rj.analyzer.ErrorCauseAIAnalyzerApplication for test class com.rj.analyzer.ErrorCauseAIAnalyzerApplicationTests

  .   ____          _            __ _ _
 /\\ / ___'_ __ _ _(_)_ __  __ _ \ \ \ \
( ( )\___ | '_ | '_| | '_ \/ _` | \ \ \ \
 \\/  ___)| |_)| | | | | || (_| |  ) ) ) )
  '  |____| .__|_| |_|_| |_\__, | / / / /
 =========|_|==============|___/=/_/_/_/

 :: Spring Boot ::                (v3.5.4)

2025-07-29T22:05:06.187-05:00  INFO 320831 --- [error-cause-ai-analyzer-app] [           main] r.a.ErrorCauseAIAnalyzerApplicationTests : Starting ErrorCauseAIAnalyzerApplicationTests using Java 17.0.9 with PID 320831 (started by root in /home/ramse/workspace-ai/error-cause-ai-analyzer-app)
2025-07-29T22:05:06.188-05:00  INFO 320831 --- [error-cause-ai-analyzer-app] [           main] r.a.ErrorCauseAIAnalyzerApplicationTests : No active profile set, falling back to 1 default profile: "default"
2025-07-29T22:05:08.782-05:00  INFO 320831 --- [error-cause-ai-analyzer-app] [           main] o.s.b.a.e.web.EndpointLinksResolver      : Exposing 1 endpoint beneath base path '/actuator'
2025-07-29T22:05:08.841-05:00  INFO 320831 --- [error-cause-ai-analyzer-app] [           main] r.a.ErrorCauseAIAnalyzerApplicationTests : Started ErrorCauseAIAnalyzerApplicationTests in 2.993 seconds (process running for 4.382)
]]></system-out>
  </testcase>
</testsuite>